2018-09-23 09:51:35.061  INFO 2196 --- [main] com.tenent.TenentApplication             : Starting TenentApplication on WINCTRL-GGRP1JH with PID 2196 (F:\tenent-app\tenent\bin\main started by user in F:\tenent-app\tenent)
2018-09-23 09:51:35.068  INFO 2196 --- [main] com.tenent.TenentApplication             : No active profile set, falling back to default profiles: default
2018-09-23 09:51:35.142  INFO 2196 --- [main] ConfigServletWebServerApplicationContext : Refreshing org.springframework.boot.web.servlet.context.AnnotationConfigServletWebServerApplicationContext@17046283: startup date [Sun Sep 23 09:51:35 IST 2018]; root of context hierarchy
2018-09-23 09:51:37.242  INFO 2196 --- [main] trationDelegate$BeanPostProcessorChecker : Bean 'org.springframework.transaction.annotation.ProxyTransactionManagementConfiguration' of type [org.springframework.transaction.annotation.ProxyTransactionManagementConfiguration$$EnhancerBySpringCGLIB$$230a0fec] is not eligible for getting processed by all BeanPostProcessors (for example: not eligible for auto-proxying)
2018-09-23 09:51:37.862  INFO 2196 --- [main] o.s.b.w.embedded.tomcat.TomcatWebServer  : Tomcat initialized with port(s): 2020 (http)
2018-09-23 09:51:37.907  INFO 2196 --- [main] o.apache.catalina.core.StandardService   : Starting service [Tomcat]
2018-09-23 09:51:37.908  INFO 2196 --- [main] org.apache.catalina.core.StandardEngine  : Starting Servlet Engine: Apache Tomcat/8.5.34
2018-09-23 09:51:37.914  INFO 2196 --- [localhost-startStop-1] o.a.catalina.core.AprLifecycleListener   : The APR based Apache Tomcat Native library which allows optimal performance in production environments was not found on the java.library.path: [C:\Program Files (x86)\java8\bin;C:\Windows\Sun\Java\bin;C:\Windows\system32;C:\Windows;C:/Program Files (x86)/java8/bin/server;C:/Program Files (x86)/java8/bin;C:/Program Files (x86)/java8/lib/amd64;C:\Program Files (x86)\Common Files\Oracle\Java\javapath;C:\oraclexe\app\oracle\product\11.2.0\server\bin;C:\Program Files\Java\jdk1.8.0_181\bin;C:\Program Files\Java\jdk1.8.0_181\jre\bin;C:\Program Files\MySQL\MySQL Server 5.5\bin;F:\sts-bundle\sts-3.9.5.RELEASE;;.]
2018-09-23 09:51:38.143  INFO 2196 --- [localhost-startStop-1] o.a.c.c.C.[.[localhost].[/tenent]        : Initializing Spring embedded WebApplicationContext
2018-09-23 09:51:38.144  INFO 2196 --- [localhost-startStop-1] o.s.web.context.ContextLoader            : Root WebApplicationContext: initialization completed in 3002 ms
2018-09-23 09:51:38.287  INFO 2196 --- [localhost-startStop-1] o.s.b.w.servlet.ServletRegistrationBean  : Servlet dispatcherServlet mapped to [/]
2018-09-23 09:51:38.296  INFO 2196 --- [localhost-startStop-1] o.s.b.w.servlet.FilterRegistrationBean   : Mapping filter: 'characterEncodingFilter' to: [/*]
2018-09-23 09:51:38.297  INFO 2196 --- [localhost-startStop-1] o.s.b.w.servlet.FilterRegistrationBean   : Mapping filter: 'hiddenHttpMethodFilter' to: [/*]
2018-09-23 09:51:38.298  INFO 2196 --- [localhost-startStop-1] o.s.b.w.servlet.FilterRegistrationBean   : Mapping filter: 'httpPutFormContentFilter' to: [/*]
2018-09-23 09:51:38.299  INFO 2196 --- [localhost-startStop-1] o.s.b.w.servlet.FilterRegistrationBean   : Mapping filter: 'requestContextFilter' to: [/*]
2018-09-23 09:51:38.622  INFO 2196 --- [main] com.zaxxer.hikari.HikariDataSource       : tenent-op - Starting...
2018-09-23 09:51:41.187  INFO 2196 --- [main] com.zaxxer.hikari.HikariDataSource       : tenent-op - Start completed.
2018-09-23 09:51:41.340  INFO 2196 --- [main] j.LocalContainerEntityManagerFactoryBean : Building JPA container EntityManagerFactory for persistence unit 'default'
2018-09-23 09:51:41.378  INFO 2196 --- [main] o.hibernate.jpa.internal.util.LogHelper  : HHH000204: Processing PersistenceUnitInfo [
	name: default
	...]
2018-09-23 09:51:41.717  INFO 2196 --- [main] org.hibernate.Version                    : HHH000412: Hibernate Core {5.2.17.Final}
2018-09-23 09:51:41.721  INFO 2196 --- [main] org.hibernate.cfg.Environment            : HHH000206: hibernate.properties not found
2018-09-23 09:51:41.834  INFO 2196 --- [main] o.hibernate.annotations.common.Version   : HCANN000001: Hibernate Commons Annotations {5.0.1.Final}
2018-09-23 09:51:47.361  WARN 2196 --- [main] com.zaxxer.hikari.pool.PoolBase          : tenent-op - Failed to validate connection com.mysql.jdbc.JDBC4Connection@36dfbdaf (No operations allowed after connection closed.)
2018-09-23 09:51:52.081  INFO 2196 --- [main] org.hibernate.dialect.Dialect            : HHH000400: Using dialect: org.hibernate.dialect.MySQL5Dialect
2018-09-23 09:51:52.674  INFO 2196 --- [main] j.LocalContainerEntityManagerFactoryBean : Initialized JPA EntityManagerFactory for persistence unit 'default'
2018-09-23 09:51:52.948  INFO 2196 --- [main] o.s.w.s.handler.SimpleUrlHandlerMapping  : Mapped URL path [/**/favicon.ico] onto handler of type [class org.springframework.web.servlet.resource.ResourceHttpRequestHandler]
2018-09-23 09:51:53.760  INFO 2196 --- [main] s.w.s.m.m.a.RequestMappingHandlerAdapter : Looking for @ControllerAdvice: org.springframework.boot.web.servlet.context.AnnotationConfigServletWebServerApplicationContext@17046283: startup date [Sun Sep 23 09:51:35 IST 2018]; root of context hierarchy
2018-09-23 09:51:53.843  WARN 2196 --- [main] aWebConfiguration$JpaWebMvcConfiguration : spring.jpa.open-in-view is enabled by default. Therefore, database queries may be performed during view rendering. Explicitly configure spring.jpa.open-in-view to disable this warning
2018-09-23 09:51:54.089  INFO 2196 --- [main] s.w.s.m.m.a.RequestMappingHandlerMapping : Mapped "{[/error]}" onto public org.springframework.http.ResponseEntity<java.util.Map<java.lang.String, java.lang.Object>> org.springframework.boot.autoconfigure.web.servlet.error.BasicErrorController.error(javax.servlet.http.HttpServletRequest)
2018-09-23 09:51:54.093  INFO 2196 --- [main] s.w.s.m.m.a.RequestMappingHandlerMapping : Mapped "{[/error],produces=[text/html]}" onto public org.springframework.web.servlet.ModelAndView org.springframework.boot.autoconfigure.web.servlet.error.BasicErrorController.errorHtml(javax.servlet.http.HttpServletRequest,javax.servlet.http.HttpServletResponse)
2018-09-23 09:51:54.220  INFO 2196 --- [main] o.s.w.s.handler.SimpleUrlHandlerMapping  : Mapped URL path [/webjars/**] onto handler of type [class org.springframework.web.servlet.resource.ResourceHttpRequestHandler]
2018-09-23 09:51:54.221  INFO 2196 --- [main] o.s.w.s.handler.SimpleUrlHandlerMapping  : Mapped URL path [/**] onto handler of type [class org.springframework.web.servlet.resource.ResourceHttpRequestHandler]
2018-09-23 09:51:55.431  INFO 2196 --- [main] o.s.b.w.embedded.tomcat.TomcatWebServer  : Tomcat started on port(s): 2020 (http) with context path '/tenent'
2018-09-23 09:51:55.444  INFO 2196 --- [main] com.tenent.TenentApplication             : Started TenentApplication in 21.113 seconds (JVM running for 22.816)
