[23/Sep/2018:11:08:40 +0530] 0:0:0:0:0:0:0:1 "GET /tenent/mvc/resetPass?email=%22vishalsonavane906@gmail.com%22&password=%221234%22 HTTP/1.1" 200 (6307 ms)
[23/Sep/2018:11:10:31 +0530] 0:0:0:0:0:0:0:1 "GET /tenent/mvc/resetPass?email=%22vishalsonavane906@gmail.com%22&password=%221234%22 HTTP/1.1" 200 (6092 ms)
[23/Sep/2018:11:16:22 +0530] 0:0:0:0:0:0:0:1 "GET /tenent/mvc/resetPass?email=%22vishalsonavane906@gmail.com%22&password=%221234%22 HTTP/1.1" 200 (754 ms)
[23/Sep/2018:11:18:31 +0530] 0:0:0:0:0:0:0:1 "GET /tenent/mvc/resetPass?email=%22vishalsonavane906@gmail.com%22&password=%221234%22 HTTP/1.1" 200 (998 ms)
[23/Sep/2018:11:28:21 +0530] 0:0:0:0:0:0:0:1 "GET /tenent/mvc/resetPass?email=%22vishalsonavane906@gmail.com%22&password=%221234%22 HTTP/1.1" 200 (1931 ms)
[23/Sep/2018:11:35:57 +0530] 0:0:0:0:0:0:0:1 "GET /tenent/mvc/resetPass?email=%22vishalsonavane906@gmail.com%22&password=%221234%22 HTTP/1.1" 200 (3336 ms)
[23/Sep/2018:11:36:47 +0530] 0:0:0:0:0:0:0:1 "GET /tenent/mvc/resetPass?email=vishalsonavane906@gmail.com&password=1234 HTTP/1.1" 200 (4757 ms)
[23/Sep/2018:13:19:09 +0530] 0:0:0:0:0:0:0:1 "GET /tenent/mvc/login?email=vishalsonavane906@gmail.com&password=1234 HTTP/1.1" 500 (11720 ms)
[23/Sep/2018:13:21:15 +0530] 0:0:0:0:0:0:0:1 "GET /tenent/mvc/login?email=vishalsonavane906@gmail.com&password=1234 HTTP/1.1" 500 (1772 ms)
[23/Sep/2018:14:31:52 +0530] 0:0:0:0:0:0:0:1 "GET /tenent/mvc/login?email=vishalsonavane906@gmail.com&password=1234 HTTP/1.1" 200 (1343 ms)
[23/Sep/2018:18:22:57 +0530] 0:0:0:0:0:0:0:1 "GET /tenent/mvc/forgotpassword?erkartik05@gmail.com HTTP/1.1" 400 (1239 ms)
[23/Sep/2018:18:24:20 +0530] 0:0:0:0:0:0:0:1 "GET /tenent/mvc/forgotpassword?email=erkartik05@gmail.com HTTP/1.1" 200 (283 ms)
[23/Sep/2018:18:35:55 +0530] 0:0:0:0:0:0:0:1 "GET /tenent/mvc/forgotpassword?email=erkartik05@gmail.com HTTP/1.1" 200 (929 ms)
[23/Sep/2018:18:38:29 +0530] 0:0:0:0:0:0:0:1 "GET /tenent/mvc/forgotpassword?email=erkartik05@gmail.com HTTP/1.1" 200 (6523 ms)
[23/Sep/2018:18:40:12 +0530] 0:0:0:0:0:0:0:1 "GET /tenent/mvc/forgotpassword?email=erkartik05@gmail.com HTTP/1.1" 200 (5210 ms)
[23/Sep/2018:18:42:04 +0530] 0:0:0:0:0:0:0:1 "GET /tenent/mvc/forgotpassword?email=erkartik05@gmail.com HTTP/1.1" 200 (5184 ms)
[23/Sep/2018:18:43:05 +0530] 0:0:0:0:0:0:0:1 "GET /tenent/mvc/forgotpassword?email=erkartik05@gmail.com HTTP/1.1" 200 (6343 ms)
[23/Sep/2018:18:45:31 +0530] 0:0:0:0:0:0:0:1 "GET /tenent/mvc/forgotpassword?email=erkartik05@gmail.com HTTP/1.1" 200 (22635 ms)
[23/Sep/2018:18:49:07 +0530] 0:0:0:0:0:0:0:1 "GET /tenent/mvc/forgotpassword?email=erkartik05@gmail.com HTTP/1.1" 200 (22143 ms)
[23/Sep/2018:18:50:22 +0530] 0:0:0:0:0:0:0:1 "GET /tenent/mvc/forgotpassword?email=erkartik05@gmail.com HTTP/1.1" 200 (21332 ms)
[23/Sep/2018:18:53:56 +0530] 0:0:0:0:0:0:0:1 "GET /tenent/mvc/forgotpassword?email=erkartik05@gmail.com HTTP/1.1" 200 (22039 ms)
[23/Sep/2018:18:58:49 +0530] 0:0:0:0:0:0:0:1 "GET /tenent/mvc/forgotpassword?email=erkartik05@gmail.com HTTP/1.1" 200 (21832 ms)
